<?xml version="1.0" encoding="UTF-8"?>
<!-- Generated by org.testng.reporters.JUnitReportReporter -->
<testsuite hostname="DESKTOP-H96EUS9" name="com.saucedemo.testobjects.AllFunctionalityTest" tests="32" failures="0" timestamp="6 Jan 2020 02:20:42 GMT" time="10.618" errors="0">
  <testcase name="isZipcodeValid" time="0.063" classname="com.saucedemo.testobjects.AllFunctionalityTest"/>
  <testcase name="isZipCodeeEntered" time="0.049" classname="com.saucedemo.testobjects.AllFunctionalityTest"/>
  <testcase name="isPayInfoLabelPresent" time="0.098" classname="com.saucedemo.testobjects.AllFunctionalityTest"/>
  <testcase name="isPayInfoValuePresent" time="0.072" classname="com.saucedemo.testobjects.AllFunctionalityTest"/>
  <testcase name="clickFinish" time="1.072" classname="com.saucedemo.testobjects.AllFunctionalityTest"/>
  <testcase name="isFnameEntered" time="0.708" classname="com.saucedemo.testobjects.AllFunctionalityTest"/>
  <testcase name="validatestandardUser" time="2.159" classname="com.saucedemo.testobjects.AllFunctionalityTest"/>
  <testcase name="validateLogInPageTitle" time="0.039" classname="com.saucedemo.testobjects.AllFunctionalityTest"/>
  <testcase name="validateItemTotalPattern" time="0.047" classname="com.saucedemo.testobjects.AllFunctionalityTest"/>
  <testcase name="validateThankYouText" time="0.070" classname="com.saucedemo.testobjects.AllFunctionalityTest"/>
  <testcase name="validateShipInfoValue" time="0.047" classname="com.saucedemo.testobjects.AllFunctionalityTest"/>
  <testcase name="isShipInformaitonValuePresent" time="0.076" classname="com.saucedemo.testobjects.AllFunctionalityTest"/>
  <testcase name="isTaxPresent" time="0.068" classname="com.saucedemo.testobjects.AllFunctionalityTest"/>
  <testcase name="isItemTotalPresent" time="0.065" classname="com.saucedemo.testobjects.AllFunctionalityTest"/>
  <testcase name="validateAddToCartAndCheckout" time="0.381" classname="com.saucedemo.testobjects.AllFunctionalityTest"/>
  <testcase name="validateProduct" time="0.362" classname="com.saucedemo.testobjects.AllFunctionalityTest"/>
  <testcase name="validateCartTitle" time="0.126" classname="com.saucedemo.testobjects.AllFunctionalityTest"/>
  <testcase name="checkCartList" time="0.051" classname="com.saucedemo.testobjects.AllFunctionalityTest"/>
  <testcase name="validateTaxPattern" time="0.062" classname="com.saucedemo.testobjects.AllFunctionalityTest"/>
  <testcase name="checkOutShop" time="0.336" classname="com.saucedemo.testobjects.AllFunctionalityTest"/>
  <testcase name="validateCheckOutCompletePageTitle" time="0.081" classname="com.saucedemo.testobjects.AllFunctionalityTest"/>
  <testcase name="isShipInformaitonLablePresent" time="0.076" classname="com.saucedemo.testobjects.AllFunctionalityTest"/>
  <testcase name="isTotalPresent" time="0.062" classname="com.saucedemo.testobjects.AllFunctionalityTest"/>
  <testcase name="validatePayInfoLabel" time="0.064" classname="com.saucedemo.testobjects.AllFunctionalityTest"/>
  <testcase name="validateEnterCheckOutDetails" time="0.459" classname="com.saucedemo.testobjects.AllFunctionalityTest"/>
  <testcase name="validateProblemUser" time="1.497" classname="com.saucedemo.testobjects.AllFunctionalityTest"/>
  <testcase name="isLnameEntered" time="0.052" classname="com.saucedemo.testobjects.AllFunctionalityTest"/>
  <testcase name="validateAddToCart" time="1.307" classname="com.saucedemo.testobjects.AllFunctionalityTest"/>
  <testcase name="validateTotalPattern" time="0.063" classname="com.saucedemo.testobjects.AllFunctionalityTest"/>
  <testcase name="validateLockedUser" time="0.913" classname="com.saucedemo.testobjects.AllFunctionalityTest"/>
  <testcase name="validatePayValue" time="0.047" classname="com.saucedemo.testobjects.AllFunctionalityTest"/>
  <testcase name="validateShipInfoLabel" time="0.046" classname="com.saucedemo.testobjects.AllFunctionalityTest"/>
</testsuite> <!-- com.saucedemo.testobjects.AllFunctionalityTest -->
