<?xml version="1.0" encoding="UTF-8"?>
<!-- Generated by org.testng.reporters.JUnitReportReporter -->
<testsuite hostname="DESKTOP-H96EUS9" name="com.saucedemo.testobjects.CheckOutCompleteTest" tests="2" failures="0" timestamp="5 Jan 2020 21:44:26 GMT" time="9.778" errors="0">
  <testcase name="validateCheckOutCompletePageTitle" time="9.703" classname="com.saucedemo.testobjects.CheckOutCompleteTest"/>
  <testcase name="validateThankYouText" time="0.075" classname="com.saucedemo.testobjects.CheckOutCompleteTest"/>
</testsuite> <!-- com.saucedemo.testobjects.CheckOutCompleteTest -->
