<?xml version="1.0" encoding="UTF-8"?>
<!-- Generated by org.testng.reporters.JUnitReportReporter -->
<testsuite hostname="DESKTOP-H96EUS9" name="com.saucedemo.testobjects.LoginTest" tests="4" failures="0" timestamp="6 Jan 2020 01:22:40 GMT" time="5.227" errors="0">
  <testcase name="validateLockedUser" time="1.219" classname="com.saucedemo.testobjects.LoginTest"/>
  <testcase name="validatestandardUser" time="1.804" classname="com.saucedemo.testobjects.LoginTest"/>
  <testcase name="validateProblemUser" time="2.151" classname="com.saucedemo.testobjects.LoginTest"/>
  <testcase name="validaeLogInPageTitle" time="0.053" classname="com.saucedemo.testobjects.LoginTest"/>
</testsuite> <!-- com.saucedemo.testobjects.LoginTest -->
